Arguments: 
  /Users/todak/.nvm/versions/node/v18.14.0/bin/node /Users/todak/.yarn/bin/yarn.js init

PATH: 
  /Users/todak/.nvm/versions/node/v18.14.0/bin:/usr/local/opt/postgresql@13/bin:/Users/todak/.yarn/bin:/Users/todak/.config/yarn/global/node_modules/.bin:/usr/local/opt/python@3.7/bin:/Users/todak/.nvm/versions/node/v16.9.1/bin:/usr/local/bin:/usr/bin:/bin:/usr/sbin:/sbin:/Library/Apple/usr/bin:/usr/local/opt/postgresql@13/bin:/Users/todak/.yarn/bin:/Users/todak/.config/yarn/global/node_modules/.bin:/usr/local/opt/python@3.7/bin:/Users/todak/.nvm/versions/node/v16.9.1/bin

Yarn version: 
  1.22.19

Node version: 
  18.14.0

Platform: 
  darwin x64

Trace: 
  Error: canceled
      at Interface.<anonymous> (/Users/todak/.yarn/lib/cli.js:137150:13)
      at Interface.emit (node:events:513:28)
      at [_ttyWrite] [as _ttyWrite] (node:internal/readline/interface:1130:18)
      at ReadStream.onkeypress (node:internal/readline/interface:270:20)
      at ReadStream.emit (node:events:513:28)
      at emitKeys (node:internal/readline/utils:357:14)
      at emitKeys.next (<anonymous>)
      at ReadStream.onData (node:internal/readline/emitKeypressEvents:64:36)
      at ReadStream.emit (node:events:513:28)
      at addChunk (node:internal/streams/readable:324:12)

npm manifest: 
  No manifest

yarn manifest: 
  No manifest

Lockfile: 
  No lockfile
